/root/pdf2img_withson/data/10_3390_en16031496.pdf
/root/pdf2img_withson/data/10_3390_machines11020242.pdf
/root/pdf2img_withson/data/10_3390_su15043213.pdf
/root/pdf2img_withson/data/10_3390_rs15030660.pdf
/root/pdf2img_withson/data/10_3390_jcdd10020073.pdf
/root/pdf2img_withson/data/10_3390_rs15051456.pdf
/root/pdf2img_withson/data/10_3390_drones7020106.pdf
/root/pdf2img_withson/data/10_1016_j_difgeo_2023_101977.pdf
/root/pdf2img_withson/data/10_3390_foods12030498.pdf
/root/pdf2img_withson/data/10_1007_s00025_022_01774_6.pdf
/root/pdf2img_withson/data/10_3390_jcm12031128.pdf
/root/pdf2img_withson/data/10_3847_1538_4357_aca969.pdf
/root/pdf2img_withson/data/10_3390_antiox12020441.pdf
/root/pdf2img_withson/data/10.3934_mbe.2019317.pdf
/root/pdf2img_withson/data/10_3390_math11030560.pdf
/root/pdf2img_withson/data/10_3390_nu15040939.pdf
/root/pdf2img_withson/data/10_3390_ijms24032047.pdf
/root/pdf2img_withson/data/10_3390_jmse11020399.pdf
/root/pdf2img_withson/data/10_3390_plants12030548.pdf
/root/pdf2img_withson/data/10_3390_en16052497.pdf
